{"meta": {"format": 3, "version": "7.10.7", "timestamp": "2025-10-19T01:27:43.365380", "branch_coverage": false, "show_contexts": false}, "files": {"rustybt/utils/paths.py": {"executed_lines": [1, 8, 9, 10, 11, 13, 14, 16, 19, 31, 36, 46, 59, 64, 85, 101, 104, 105, 106, 108, 111, 126, 129, 145, 161, 176, 179, 195, 200, 223, 245, 246, 248, 251, 253, 254, 255, 257, 258, 259, 261, 262, 263, 265, 268, 273, 276, 289, 290, 292, 293, 294, 297, 298, 299, 302, 351, 355, 356, 357, 364, 365, 368, 369, 371, 374, 377, 378, 379, 385, 386, 392, 394, 397, 435, 436, 439, 444, 445, 446, 447, 448, 453, 454, 455, 459, 465, 467, 468, 469, 474], "summary": {"covered_lines": 90, "num_statements": 106, "percent_covered": 84.90566037735849, "percent_covered_display": "85", "missing_lines": 16, "excluded_lines": 0}, "missing_lines": [28, 33, 43, 55, 56, 61, 82, 102, 142, 158, 192, 197, 215, 352, 440, 441], "excluded_lines": [], "functions": {"hidden": {"executed_lines": [], "summary": {"covered_lines": 0, "num_statements": 1, "percent_covered": 0.0, "percent_covered_display": "0", "missing_lines": 1, "excluded_lines": 0}, "missing_lines": [28], "excluded_lines": []}, "ensure_directory": {"executed_lines": [], "summary": {"covered_lines": 0, "num_statements": 1, "percent_covered": 0.0, "percent_covered_display": "0", "missing_lines": 1, "excluded_lines": 0}, "missing_lines": [33], "excluded_lines": []}, "ensure_directory_containing": {"executed_lines": [], "summary": {"covered_lines": 0, "num_statements": 1, "percent_covered": 0.0, "percent_covered_display": "0", "missing_lines": 1, "excluded_lines": 0}, "missing_lines": [43], "excluded_lines": []}, "ensure_file": {"executed_lines": [], "summary": {"covered_lines": 0, "num_statements": 2, "percent_covered": 0.0, "percent_covered_display": "0", "missing_lines": 2, "excluded_lines": 0}, "missing_lines": [55, 56], "excluded_lines": []}, "last_modified_time": {"executed_lines": [], "summary": {"covered_lines": 0, "num_statements": 1, "percent_covered": 0.0, "percent_covered_display": "0", "missing_lines": 1, "excluded_lines": 0}, "missing_lines": [61], "excluded_lines": []}, "modified_since": {"executed_lines": [], "summary": {"covered_lines": 0, "num_statements": 1, "percent_covered": 0.0, "percent_covered_display": "0", "missing_lines": 1, "excluded_lines": 0}, "missing_lines": [82], "excluded_lines": []}, "zipline_root": {"executed_lines": [101, 104, 105, 106, 108], "summary": {"covered_lines": 5, "num_statements": 6, "percent_covered": 83.33333333333333, "percent_covered_display": "83", "missing_lines": 1, "excluded_lines": 0}, "missing_lines": [102], "excluded_lines": []}, "zipline_path": {"executed_lines": [126], "summary": {"covered_lines": 1, "num_statements": 1, "percent_covered": 100.0, "percent_covered_display": "100", "missing_lines": 0, "excluded_lines": 0}, "missing_lines": [], "excluded_lines": []}, "default_extension": {"executed_lines": [], "summary": {"covered_lines": 0, "num_statements": 1, "percent_covered": 0.0, "percent_covered_display": "0", "missing_lines": 1, "excluded_lines": 0}, "missing_lines": [142], "excluded_lines": []}, "data_root": {"executed_lines": [], "summary": {"covered_lines": 0, "num_statements": 1, "percent_covered": 0.0, "percent_covered_display": "0", "missing_lines": 1, "excluded_lines": 0}, "missing_lines": [158], "excluded_lines": []}, "data_path": {"executed_lines": [176], "summary": {"covered_lines": 1, "num_statements": 1, "percent_covered": 100.0, "percent_covered_display": "100", "missing_lines": 0, "excluded_lines": 0}, "missing_lines": [], "excluded_lines": []}, "cache_root": {"executed_lines": [], "summary": {"covered_lines": 0, "num_statements": 1, "percent_covered": 0.0, "percent_covered_display": "0", "missing_lines": 1, "excluded_lines": 0}, "missing_lines": [192], "excluded_lines": []}, "ensure_cache_root": {"executed_lines": [], "summary": {"covered_lines": 0, "num_statements": 1, "percent_covered": 0.0, "percent_covered_display": "0", "missing_lines": 1, "excluded_lines": 0}, "missing_lines": [197], "excluded_lines": []}, "cache_path": {"executed_lines": [], "summary": {"covered_lines": 0, "num_statements": 1, "percent_covered": 0.0, "percent_covered_display": "0", "missing_lines": 1, "excluded_lines": 0}, "missing_lines": [215], "excluded_lines": []}, "find_project_root": {"executed_lines": [245, 246, 248, 251, 253, 254, 255, 257, 258, 259, 261, 262, 263, 265, 268, 273], "summary": {"covered_lines": 16, "num_statements": 16, "percent_covered": 100.0, "percent_covered_display": "100", "missing_lines": 0, "excluded_lines": 0}, "missing_lines": [], "excluded_lines": []}, "is_jupyter_environment": {"executed_lines": [289, 290, 292, 293, 294, 297, 298, 299], "summary": {"covered_lines": 8, "num_statements": 8, "percent_covered": 100.0, "percent_covered_display": "100", "missing_lines": 0, "excluded_lines": 0}, "missing_lines": [], "excluded_lines": []}, "get_bundle_path": {"executed_lines": [351, 355, 356, 357, 364, 365, 368, 369, 371, 374, 377, 378, 379, 385, 386, 392, 394], "summary": {"covered_lines": 17, "num_statements": 18, "percent_covered": 94.44444444444444, "percent_covered_display": "94", "missing_lines": 1, "excluded_lines": 0}, "missing_lines": [352], "excluded_lines": []}, "validate_bundle_configuration": {"executed_lines": [435, 436, 439, 444, 445, 446, 447, 448, 453, 454, 455, 459, 465, 467, 468, 469, 474], "summary": {"covered_lines": 17, "num_statements": 19, "percent_covered": 89.47368421052632, "percent_covered_display": "89", "missing_lines": 2, "excluded_lines": 0}, "missing_lines": [440, 441], "excluded_lines": []}, "": {"executed_lines": [1, 8, 9, 10, 11, 13, 14, 16, 19, 31, 36, 46, 59, 64, 85, 111, 129, 145, 161, 179, 195, 200, 223, 276, 302, 397], "summary": {"covered_lines": 25, "num_statements": 25, "percent_covered": 100.0, "percent_covered_display": "100", "missing_lines": 0, "excluded_lines": 0}, "missing_lines": [], "excluded_lines": []}}, "classes": {"": {"executed_lines": [1, 8, 9, 10, 11, 13, 14, 16, 19, 31, 36, 46, 59, 64, 85, 101, 104, 105, 106, 108, 111, 126, 129, 145, 161, 176, 179, 195, 200, 223, 245, 246, 248, 251, 253, 254, 255, 257, 258, 259, 261, 262, 263, 265, 268, 273, 276, 289, 290, 292, 293, 294, 297, 298, 299, 302, 351, 355, 356, 357, 364, 365, 368, 369, 371, 374, 377, 378, 379, 385, 386, 392, 394, 397, 435, 436, 439, 444, 445, 446, 447, 448, 453, 454, 455, 459, 465, 467, 468, 469, 474], "summary": {"covered_lines": 90, "num_statements": 106, "percent_covered": 84.90566037735849, "percent_covered_display": "85", "missing_lines": 16, "excluded_lines": 0}, "missing_lines": [28, 33, 43, 55, 56, 61, 82, 102, 142, 158, 192, 197, 215, 352, 440, 441], "excluded_lines": []}}}}, "totals": {"covered_lines": 90, "num_statements": 106, "percent_covered": 84.90566037735849, "percent_covered_display": "85", "missing_lines": 16, "excluded_lines": 0}}
